[0.011s] Invoking command in '/home/ylo-laptop/ROS_Projects/test_4/build/cpp_pubsub': CMAKE_PREFIX_PATH=${CMAKE_PREFIX_PATH}:/opt/ros/rolling DEBUGINFOD_URLS=https://debuginfod.ubuntu.com /usr/bin/cmake --build /home/ylo-laptop/ROS_Projects/test_4/build/cpp_pubsub -- -j16 -l16
[0.045s] -- Found ament_cmake: 2.7.0 (/opt/ros/rolling/share/ament_cmake/cmake)
[0.263s] -- Found rclcpp: 28.3.1 (/opt/ros/rolling/share/rclcpp/cmake)
[0.310s] -- Found rosidl_generator_c: 4.8.1 (/opt/ros/rolling/share/rosidl_generator_c/cmake)
[0.319s] -- Found rosidl_generator_cpp: 4.8.1 (/opt/ros/rolling/share/rosidl_generator_cpp/cmake)
[0.329s] -- Using all available rosidl_typesupport_c: rosidl_typesupport_fastrtps_c;rosidl_typesupport_introspection_c
[0.342s] -- Using all available rosidl_typesupport_cpp: rosidl_typesupport_fastrtps_cpp;rosidl_typesupport_introspection_cpp
[0.401s] -- Found rmw_implementation_cmake: 7.4.1 (/opt/ros/rolling/share/rmw_implementation_cmake/cmake)
[0.403s] -- Found rmw_fastrtps_cpp: 9.0.0 (/opt/ros/rolling/share/rmw_fastrtps_cpp/cmake)
[0.472s] -- Using RMW implementation 'rmw_fastrtps_cpp' as default
[0.539s] -- Found tutorial_interfaces: 0.0.0 (/home/ylo-laptop/ROS_Projects/test_4/install/tutorial_interfaces/share/tutorial_interfaces/cmake)
[0.596s] -- Found ament_lint_auto: 0.18.1 (/opt/ros/rolling/share/ament_lint_auto/cmake)
[0.697s] -- Added test 'cppcheck' to perform static code analysis on C / C++ code
[0.698s] -- Configured cppcheck include dirs: 
[0.698s] -- Configured cppcheck exclude dirs and/or files: 
[0.698s] -- Added test 'lint_cmake' to check CMake code style
[0.699s] -- Added test 'uncrustify' to check C / C++ code style
[0.699s] -- Configured uncrustify additional arguments: 
[0.699s] -- Added test 'xmllint' to check XML markup files
[0.700s] -- Configuring done (0.7s)
[0.718s] -- Generating done (0.0s)
[0.721s] -- Build files have been written to: /home/ylo-laptop/ROS_Projects/test_4/build/cpp_pubsub
[0.764s] [ 25%] [32mBuilding CXX object CMakeFiles/talker.dir/src/publisher_lambda_function.cpp.o[0m
[0.770s] [ 50%] [32mBuilding CXX object CMakeFiles/listener.dir/src/publisher_lambda_function.cpp.o[0m
[0.865s] [01m[K/home/ylo-laptop/ROS_Projects/test_4/src/cpp_pubsub/src/publisher_lambda_function.cpp:19:10:[m[K [01;31m[Kfatal error: [m[Krclcpp/rclcpp.hp: No such file or directory
[0.865s]    19 | #include [01;31m[K"rclcpp/rclcpp.hp"[m[K
[0.865s]       |          [01;31m[K^~~~~~~~~~~~~~~~~~[m[K
[0.865s] compilation terminated.
[0.865s] [01m[K/home/ylo-laptop/ROS_Projects/test_4/src/cpp_pubsub/src/publisher_lambda_function.cpp:19:10:[m[K [01;31m[Kfatal error: [m[Krclcpp/rclcpp.hp: No such file or directory
[0.865s]    19 | #include [01;31m[K"rclcpp/rclcpp.hp"[m[K
[0.865s]       |          [01;31m[K^~~~~~~~~~~~~~~~~~[m[K
[0.865s] compilation terminated.
[0.872s] gmake[2]: *** [CMakeFiles/talker.dir/build.make:76: CMakeFiles/talker.dir/src/publisher_lambda_function.cpp.o] Error 1
[0.873s] gmake[2]: *** [CMakeFiles/listener.dir/build.make:76: CMakeFiles/listener.dir/src/publisher_lambda_function.cpp.o] Error 1
[0.873s] gmake[1]: *** [CMakeFiles/Makefile2:165: CMakeFiles/listener.dir/all] Error 2
[0.873s] gmake[1]: *** Waiting for unfinished jobs....
[0.873s] gmake[1]: *** [CMakeFiles/Makefile2:139: CMakeFiles/talker.dir/all] Error 2
[0.873s] gmake: *** [Makefile:146: all] Error 2
[0.877s] Invoked command in '/home/ylo-laptop/ROS_Projects/test_4/build/cpp_pubsub' returned '2': CMAKE_PREFIX_PATH=${CMAKE_PREFIX_PATH}:/opt/ros/rolling DEBUGINFOD_URLS=https://debuginfod.ubuntu.com /usr/bin/cmake --build /home/ylo-laptop/ROS_Projects/test_4/build/cpp_pubsub -- -j16 -l16
