[0.011s] Invoking command in '/home/ylo-laptop/ROS_Projects/test_4/build/cpp_pubsub': CMAKE_PREFIX_PATH=${CMAKE_PREFIX_PATH}:/opt/ros/rolling DEBUGINFOD_URLS=https://debuginfod.ubuntu.com /usr/bin/cmake --build /home/ylo-laptop/ROS_Projects/test_4/build/cpp_pubsub -- -j16 -l16
[0.048s] -- Found ament_cmake: 2.7.0 (/opt/ros/rolling/share/ament_cmake/cmake)
[0.315s] -- Found rclcpp: 28.3.1 (/opt/ros/rolling/share/rclcpp/cmake)
[0.361s] -- Found rosidl_generator_c: 4.8.1 (/opt/ros/rolling/share/rosidl_generator_c/cmake)
[0.370s] -- Found rosidl_generator_cpp: 4.8.1 (/opt/ros/rolling/share/rosidl_generator_cpp/cmake)
[0.381s] -- Using all available rosidl_typesupport_c: rosidl_typesupport_fastrtps_c;rosidl_typesupport_introspection_c
[0.393s] -- Using all available rosidl_typesupport_cpp: rosidl_typesupport_fastrtps_cpp;rosidl_typesupport_introspection_cpp
[0.451s] -- Found rmw_implementation_cmake: 7.4.1 (/opt/ros/rolling/share/rmw_implementation_cmake/cmake)
[0.453s] -- Found rmw_fastrtps_cpp: 9.0.0 (/opt/ros/rolling/share/rmw_fastrtps_cpp/cmake)
[0.520s] -- Using RMW implementation 'rmw_fastrtps_cpp' as default
[0.579s] -- Found tutorial_interfaces: 0.0.0 (/home/ylo-laptop/ROS_Projects/test_4/install/tutorial_interfaces/share/tutorial_interfaces/cmake)
[0.635s] -- Found ament_lint_auto: 0.18.1 (/opt/ros/rolling/share/ament_lint_auto/cmake)
[0.739s] -- Added test 'cppcheck' to perform static code analysis on C / C++ code
[0.739s] -- Configured cppcheck include dirs: 
[0.740s] -- Configured cppcheck exclude dirs and/or files: 
[0.740s] -- Added test 'lint_cmake' to check CMake code style
[0.741s] -- Added test 'uncrustify' to check C / C++ code style
[0.741s] -- Configured uncrustify additional arguments: 
[0.741s] -- Added test 'xmllint' to check XML markup files
[0.742s] -- Configuring done (0.7s)
[0.759s] -- Generating done (0.0s)
[0.761s] -- Build files have been written to: /home/ylo-laptop/ROS_Projects/test_4/build/cpp_pubsub
[0.804s] [ 25%] [32mBuilding CXX object CMakeFiles/listener.dir/src/publisher_lambda_function.cpp.o[0m
[0.813s] [ 50%] [32mBuilding CXX object CMakeFiles/talker.dir/src/publisher_lambda_function.cpp.o[0m
[0.901s] [01m[K/home/ylo-laptop/ROS_Projects/test_4/src/cpp_pubsub/src/publisher_lambda_function.cpp:19:10:[m[K [01;31m[Kfatal error: [m[Krclcpp/rclcpp.hp: No such file or directory
[0.901s]    19 | #include [01;31m[K"rclcpp/rclcpp.hp"[m[K
[0.902s]       |          [01;31m[K^~~~~~~~~~~~~~~~~~[m[K
[0.902s] compilation terminated.
[0.909s] gmake[2]: *** [CMakeFiles/listener.dir/build.make:76: CMakeFiles/listener.dir/src/publisher_lambda_function.cpp.o] Error 1
[0.909s] gmake[1]: *** [CMakeFiles/Makefile2:165: CMakeFiles/listener.dir/all] Error 2
[0.910s] gmake[1]: *** Waiting for unfinished jobs....
[0.918s] [01m[K/home/ylo-laptop/ROS_Projects/test_4/src/cpp_pubsub/src/publisher_lambda_function.cpp:19:10:[m[K [01;31m[Kfatal error: [m[Krclcpp/rclcpp.hp: No such file or directory
[0.919s]    19 | #include [01;31m[K"rclcpp/rclcpp.hp"[m[K
[0.919s]       |          [01;31m[K^~~~~~~~~~~~~~~~~~[m[K
[0.919s] compilation terminated.
[0.921s] gmake[2]: *** [CMakeFiles/talker.dir/build.make:76: CMakeFiles/talker.dir/src/publisher_lambda_function.cpp.o] Error 1
[0.921s] gmake[1]: *** [CMakeFiles/Makefile2:139: CMakeFiles/talker.dir/all] Error 2
[0.921s] gmake: *** [Makefile:146: all] Error 2
[0.924s] Invoked command in '/home/ylo-laptop/ROS_Projects/test_4/build/cpp_pubsub' returned '2': CMAKE_PREFIX_PATH=${CMAKE_PREFIX_PATH}:/opt/ros/rolling DEBUGINFOD_URLS=https://debuginfod.ubuntu.com /usr/bin/cmake --build /home/ylo-laptop/ROS_Projects/test_4/build/cpp_pubsub -- -j16 -l16
