[0.017s] Invoking command in '/home/ylo-laptop/ROS_Projects/test_7/build/cpp_parameters': CMAKE_PREFIX_PATH=${CMAKE_PREFIX_PATH}:/opt/ros/rolling DEBUGINFOD_URLS=https://debuginfod.ubuntu.com /usr/bin/cmake --build /home/ylo-laptop/ROS_Projects/test_7/build/cpp_parameters -- -j16 -l16
[0.067s] -- Found ament_cmake: 2.7.0 (/opt/ros/rolling/share/ament_cmake/cmake)
[0.454s] -- Found rclcpp: 28.3.1 (/opt/ros/rolling/share/rclcpp/cmake)
[0.506s] -- Found rosidl_generator_c: 4.8.1 (/opt/ros/rolling/share/rosidl_generator_c/cmake)
[0.520s] -- Found rosidl_generator_cpp: 4.8.1 (/opt/ros/rolling/share/rosidl_generator_cpp/cmake)
[0.538s] -- Using all available rosidl_typesupport_c: rosidl_typesupport_fastrtps_c;rosidl_typesupport_introspection_c
[0.560s] -- Using all available rosidl_typesupport_cpp: rosidl_typesupport_fastrtps_cpp;rosidl_typesupport_introspection_cpp
[0.659s] -- Found rmw_implementation_cmake: 7.4.1 (/opt/ros/rolling/share/rmw_implementation_cmake/cmake)
[0.660s] -- Found rmw_fastrtps_cpp: 9.0.0 (/opt/ros/rolling/share/rmw_fastrtps_cpp/cmake)
[0.764s] -- Using RMW implementation 'rmw_fastrtps_cpp' as default
[0.870s] -- Found ament_lint_auto: 0.18.1 (/opt/ros/rolling/share/ament_lint_auto/cmake)
[1.010s] -- Added test 'cppcheck' to perform static code analysis on C / C++ code
[1.010s] -- Configured cppcheck include dirs: 
[1.011s] -- Configured cppcheck exclude dirs and/or files: 
[1.011s] -- Added test 'lint_cmake' to check CMake code style
[1.012s] -- Added test 'uncrustify' to check C / C++ code style
[1.013s] -- Configured uncrustify additional arguments: 
[1.013s] -- Added test 'xmllint' to check XML markup files
[1.014s] -- Configuring done (1.0s)
[1.024s] -- Generating done (0.0s)
[1.027s] -- Build files have been written to: /home/ylo-laptop/ROS_Projects/test_7/build/cpp_parameters
[1.092s] [ 50%] [32mBuilding CXX object CMakeFiles/minimal_param_node.dir/src/cpp_parameters_node.cpp.o[0m
[1.167s] [01m[K/home/ylo-laptop/ROS_Projects/test_7/src/cpp_parameters/src/cpp_parameters_node.cpp:5:10:[m[K [01;31m[Kfatal error: [m[Krclcpp/rclcpp.hpp: No such file or directory
[1.167s]     5 | #include [01;31m[K<rclcpp/rclcpp.hpp>[m[K
[1.168s]       |          [01;31m[K^~~~~~~~~~~~~~~~~~~[m[K
[1.168s] compilation terminated.
[1.176s] gmake[2]: *** [CMakeFiles/minimal_param_node.dir/build.make:76: CMakeFiles/minimal_param_node.dir/src/cpp_parameters_node.cpp.o] Error 1
[1.176s] gmake[1]: *** [CMakeFiles/Makefile2:137: CMakeFiles/minimal_param_node.dir/all] Error 2
[1.177s] gmake: *** [Makefile:146: all] Error 2
[1.182s] Invoked command in '/home/ylo-laptop/ROS_Projects/test_7/build/cpp_parameters' returned '2': CMAKE_PREFIX_PATH=${CMAKE_PREFIX_PATH}:/opt/ros/rolling DEBUGINFOD_URLS=https://debuginfod.ubuntu.com /usr/bin/cmake --build /home/ylo-laptop/ROS_Projects/test_7/build/cpp_parameters -- -j16 -l16
