-- The C compiler identification is GNU 13.2.0
-- The CXX compiler identification is GNU 13.2.0
-- Detecting C compiler ABI info
-- Detecting C compiler ABI info - done
-- Check for working C compiler: /usr/bin/cc - skipped
-- Detecting C compile features
-- Detecting C compile features - done
-- Detecting CXX compiler ABI info
-- Detecting CXX compiler ABI info - done
-- Check for working CXX compiler: /usr/bin/c++ - skipped
-- Detecting CXX compile features
-- Detecting CXX compile features - done
-- Found ament_cmake: 2.7.0 (/opt/ros/rolling/share/ament_cmake/cmake)
-- Found Python3: /usr/bin/python3 (found version "3.12.3") found components: Interpreter 
-- Found rclcpp: 28.3.1 (/opt/ros/rolling/share/rclcpp/cmake)
-- Found rosidl_generator_c: 4.8.1 (/opt/ros/rolling/share/rosidl_generator_c/cmake)
-- Found rosidl_generator_cpp: 4.8.1 (/opt/ros/rolling/share/rosidl_generator_cpp/cmake)
-- Using all available rosidl_typesupport_c: rosidl_typesupport_fastrtps_c;rosidl_typesupport_introspection_c
-- Using all available rosidl_typesupport_cpp: rosidl_typesupport_fastrtps_cpp;rosidl_typesupport_introspection_cpp
-- Found rmw_implementation_cmake: 7.4.1 (/opt/ros/rolling/share/rmw_implementation_cmake/cmake)
-- Found rmw_fastrtps_cpp: 9.0.0 (/opt/ros/rolling/share/rmw_fastrtps_cpp/cmake)
-- Found OpenSSL: /usr/lib/x86_64-linux-gnu/libcrypto.so (found version "3.0.13")  
-- Found FastRTPS: /opt/ros/rolling/include (Required is at least version "2.13") 
-- Using RMW implementation 'rmw_fastrtps_cpp' as default
-- Found tutorial_interfaces: 0.0.0 (/home/ylo-laptop/ROS_Projects/test_4/install/tutorial_interfaces/share/tutorial_interfaces/cmake)
-- Found ament_lint_auto: 0.18.1 (/opt/ros/rolling/share/ament_lint_auto/cmake)
-- Added test 'cppcheck' to perform static code analysis on C / C++ code
-- Configured cppcheck include dirs: 
-- Configured cppcheck exclude dirs and/or files: 
-- Added test 'lint_cmake' to check CMake code style
-- Added test 'uncrustify' to check C / C++ code style
-- Configured uncrustify additional arguments: 
-- Added test 'xmllint' to check XML markup files
-- Configuring done (1.3s)
-- Generating done (0.0s)
-- Build files have been written to: /home/ylo-laptop/ROS_Projects/test_4/build/cpp_srvcli
[ 25%] [32mBuilding CXX object CMakeFiles/server.dir/src/add_three_ints_server.cpp.o[0m
[ 50%] [32mBuilding CXX object CMakeFiles/client.dir/src/add_three_ints_client.cpp.o[0m
[01m[K/home/ylo-laptop/ROS_Projects/test_4/src/cpp_srvcli/src/add_three_ints_server.cpp:6:32:[m[K [01;31m[Kerror: [m[Kâ€˜[01m[Kpractice_interfaces[m[Kâ€™ was not declared in this scope; did you mean â€˜[01m[Krcl_interfaces[m[Kâ€™?
    6 | void add(const std::shared_ptr<[01;31m[Kpractice_interfaces[m[K::srv::AddThreeInts::Request> request,
      |                                [01;31m[K^~~~~~~~~~~~~~~~~~~[m[K
      |                                [32m[Krcl_interfaces[m[K
[01m[K/home/ylo-laptop/ROS_Projects/test_4/src/cpp_srvcli/src/add_three_ints_server.cpp:6:79:[m[K [01;31m[Kerror: [m[Ktemplate argument 1 is invalid
    6 | void add(const std::shared_ptr<practice_interfaces::srv::AddThreeInts::Request[01;31m[K>[m[K request,
      |                                                                               [01;31m[K^[m[K
[01m[K/home/ylo-laptop/ROS_Projects/test_4/src/cpp_srvcli/src/add_three_ints_server.cpp:6:32:[m[K [01;31m[Kerror: [m[Kâ€˜[01m[Kpractice_interfaces[m[Kâ€™ was not declared in this scope; did you mean â€˜[01m[Krcl_interfaces[m[Kâ€™?
    6 | void add(const std::shared_ptr<[01;31m[Kpractice_interfaces[m[K::srv::AddThreeInts::Request> request,
      |                                [01;31m[K^~~~~~~~~~~~~~~~~~~[m[K
      |                                [32m[Krcl_interfaces[m[K
[01m[K/home/ylo-laptop/ROS_Projects/test_4/src/cpp_srvcli/src/add_three_ints_server.cpp:6:79:[m[K [01;31m[Kerror: [m[Ktemplate argument 1 is invalid
    6 | void add(const std::shared_ptr<practice_interfaces::srv::AddThreeInts::Request[01;31m[K>[m[K request,
      |                                                                               [01;31m[K^[m[K
[01m[K/home/ylo-laptop/ROS_Projects/test_4/src/cpp_srvcli/src/add_three_ints_server.cpp:6:32:[m[K [01;31m[Kerror: [m[Kâ€˜[01m[Kpractice_interfaces[m[Kâ€™ was not declared in this scope; did you mean â€˜[01m[Krcl_interfaces[m[Kâ€™?
    6 | void add(const std::shared_ptr<[01;31m[Kpractice_interfaces[m[K::srv::AddThreeInts::Request> request,
      |                                [01;31m[K^~~~~~~~~~~~~~~~~~~[m[K
      |                                [32m[Krcl_interfaces[m[K
[01m[K/home/ylo-laptop/ROS_Projects/test_4/src/cpp_srvcli/src/add_three_ints_server.cpp:6:79:[m[K [01;31m[Kerror: [m[Ktemplate argument 1 is invalid
    6 | void add(const std::shared_ptr<practice_interfaces::srv::AddThreeInts::Request[01;31m[K>[m[K request,
      |                                                                               [01;31m[K^[m[K
[01m[K/home/ylo-laptop/ROS_Projects/test_4/src/cpp_srvcli/src/add_three_ints_server.cpp:6:16:[m[K [01;31m[Kerror: [m[Kinvalid template-id
    6 | void add(const [01;31m[Kstd[m[K::shared_ptr<practice_interfaces::srv::AddThreeInts::Request> request,
      |                [01;31m[K^~~[m[K
[01m[K/home/ylo-laptop/ROS_Projects/test_4/src/cpp_srvcli/src/add_three_ints_server.cpp:6:32:[m[K [01;31m[Kerror: [m[Kâ€˜[01m[Kpractice_interfaces[m[Kâ€™ was not declared in this scope; did you mean â€˜[01m[Krcl_interfaces[m[Kâ€™?
    6 | void add(const std::shared_ptr<[01;31m[Kpractice_interfaces[m[K::srv::AddThreeInts::Request> request,
      |                                [01;31m[K^~~~~~~~~~~~~~~~~~~[m[K
      |                                [32m[Krcl_interfaces[m[K
[01m[K/home/ylo-laptop/ROS_Projects/test_4/src/cpp_srvcli/src/add_three_ints_server.cpp:6:6:[m[K [01;31m[Kerror: [m[Kvariable or field â€˜[01m[Kadd[m[Kâ€™ declared void
    6 | void [01;31m[Kadd[m[K(const std::shared_ptr<practice_interfaces::srv::AddThreeInts::Request> request,
      |      [01;31m[K^~~[m[K
[01m[K/home/ylo-laptop/ROS_Projects/test_4/src/cpp_srvcli/src/add_three_ints_server.cpp:6:10:[m[K [01;31m[Kerror: [m[Kexpected primary-expression before â€˜[01m[Kconst[m[Kâ€™
    6 | void add([01;31m[Kconst[m[K std::shared_ptr<practice_interfaces::srv::AddThreeInts::Request> request,
      |          [01;31m[K^~~~~[m[K
[01m[K/home/ylo-laptop/ROS_Projects/test_4/src/cpp_srvcli/src/add_three_ints_client.cpp:[m[K In function â€˜[01m[Kint[01;32m[K main[m[K(int, char**)[m[Kâ€™:
[01m[K/home/ylo-laptop/ROS_Projects/test_4/src/cpp_srvcli/src/add_three_ints_client.cpp:20:18:[m[K [01;31m[Kerror: [m[Kâ€˜[01m[Kpractice_interfaces[m[Kâ€™ was not declared in this scope; did you mean â€˜[01m[Krcl_interfaces[m[Kâ€™?
   20 |   rclcpp::Client<[01;31m[Kpractice_interfaces[m[K::srv::AddThreeInts>::SharedPtr client =
      |                  [01;31m[K^~~~~~~~~~~~~~~~~~~[m[K
      |                  [32m[Krcl_interfaces[m[K
[01m[K/home/ylo-laptop/ROS_Projects/test_4/src/cpp_srvcli/src/add_three_ints_client.cpp:20:56:[m[K [01;31m[Kerror: [m[Ktemplate argument 1 is invalid
   20 |   rclcpp::Client<practice_interfaces::srv::AddThreeInts[01;31m[K>[m[K::SharedPtr client =
      |                                                        [01;31m[K^[m[K
[01m[K/home/ylo-laptop/ROS_Projects/test_4/src/cpp_srvcli/src/add_three_ints_server.cpp:7:27:[m[K [01;31m[Kerror: [m[Kâ€˜[01m[Kpractice_interfaces[m[Kâ€™ was not declared in this scope; did you mean â€˜[01m[Krcl_interfaces[m[Kâ€™?
    7 |           std::shared_ptr<[01;31m[Kpractice_interfaces[m[K::srv::AddThreeInts::Response>      response)
      |                           [01;31m[K^~~~~~~~~~~~~~~~~~~[m[K
      |                           [32m[Krcl_interfaces[m[K
[01m[K/home/ylo-laptop/ROS_Projects/test_4/src/cpp_srvcli/src/add_three_ints_client.cpp:20:69:[m[K [01;31m[Kerror: [m[Kqualified-id in declaration before â€˜[01m[Kclient[m[Kâ€™
   20 |   rclcpp::Client<practice_interfaces::srv::AddThreeInts>::SharedPtr [01;31m[Kclient[m[K =
      |                                                                     [01;31m[K^~~~~~[m[K
[01m[K/home/ylo-laptop/ROS_Projects/test_4/src/cpp_srvcli/src/add_three_ints_server.cpp:7:75:[m[K [01;31m[Kerror: [m[Ktemplate argument 1 is invalid
    7 |           std::shared_ptr<practice_interfaces::srv::AddThreeInts::Response[01;31m[K>[m[K      response)
      |                                                                           [01;31m[K^[m[K
[01m[K/home/ylo-laptop/ROS_Projects/test_4/src/cpp_srvcli/src/add_three_ints_client.cpp:23:23:[m[K [01;31m[Kerror: [m[Kparse error in template argument list
   23 |   auto request = std::[01;31m[Kmake_shared<practice_interfaces::srv::AddThreeInts>[m[K();
      |                       [01;31m[K^~~~~~~~~~~~~~~~~~~~~~~~~~~~~~~~~~~~~~~~~~~~~~~~~~~[m[K
[01m[K/home/ylo-laptop/ROS_Projects/test_4/src/cpp_srvcli/src/add_three_ints_client.cpp:23:74:[m[K [01;31m[Kerror: [m[Kno matching function for call to â€˜[01m[Kmake_shared<practice_interfaces>()[m[Kâ€™
   23 |   auto request = [01;31m[Kstd::make_shared<practice_interfaces::srv::AddThreeInts>()[m[K;
      |                  [01;31m[K~~~~~~~~~~~~~~~~~~~~~~~~~~~~~~~~~~~~~~~~~~~~~~~~~~~~~~~~^~[m[K
In file included from [01m[K/usr/include/c++/13/memory:80[m[K,
                 from [01m[K/opt/ros/rolling/include/rclcpp/rclcpp/rclcpp.hpp:169[m[K,
                 from [01m[K/home/ylo-laptop/ROS_Projects/test_4/src/cpp_srvcli/src/add_three_ints_client.cpp:1[m[K:
[01m[K/usr/include/c++/13/bits/shared_ptr.h:1005:5:[m[K [01;36m[Knote: [m[Kcandidate: â€˜[01m[Ktemplate<class _Tp, class ... _Args> std::shared_ptr<typename std::enable_if<(! std::is_array< <template-parameter-1-1> >::value), _Tp>::type> std::[01;32m[Kmake_shared[m[K(_Args&& ...)[m[Kâ€™
 1005 |     [01;36m[Kmake_shared[m[K(_Args&&... __args)
      |     [01;36m[K^~~~~~~~~~~[m[K
[01m[K/usr/include/c++/13/bits/shared_ptr.h:1005:5:[m[K [01;36m[Knote: [m[K  template argument deduction/substitution failed:
[01m[K/home/ylo-laptop/ROS_Projects/test_4/src/cpp_srvcli/src/add_three_ints_client.cpp:28:11:[m[K [01;31m[Kerror: [m[Kâ€˜[01m[Kclient[m[Kâ€™ was not declared in this scope
   28 |   while (![01;31m[Kclient[m[K->wait_for_service(1s)) {
      |           [01;31m[K^~~~~~[m[K
[01m[K/home/ylo-laptop/ROS_Projects/test_4/src/cpp_srvcli/src/add_three_ints_server.cpp:[m[K In function â€˜[01m[Kint[01;32m[K main[m[K(int, char**)[m[Kâ€™:
[01m[K/home/ylo-laptop/ROS_Projects/test_4/src/cpp_srvcli/src/add_three_ints_server.cpp:21:19:[m[K [01;31m[Kerror: [m[Kâ€˜[01m[Kpractice_interfaces[m[Kâ€™ was not declared in this scope; did you mean â€˜[01m[Krcl_interfaces[m[Kâ€™?
   21 |   rclcpp::Service<[01;31m[Kpractice_interfaces[m[K::srv::AddThreeInts>::SharedPtr service =
      |                   [01;31m[K^~~~~~~~~~~~~~~~~~~[m[K
      |                   [32m[Krcl_interfaces[m[K
[01m[K/home/ylo-laptop/ROS_Projects/test_4/src/cpp_srvcli/src/add_three_ints_server.cpp:21:57:[m[K [01;31m[Kerror: [m[Ktemplate argument 1 is invalid
   21 |   rclcpp::Service<practice_interfaces::srv::AddThreeInts[01;31m[K>[m[K::SharedPtr service =
      |                                                         [01;31m[K^[m[K
[01m[K/home/ylo-laptop/ROS_Projects/test_4/src/cpp_srvcli/src/add_three_ints_server.cpp:21:70:[m[K [01;31m[Kerror: [m[Kqualified-id in declaration before â€˜[01m[Kservice[m[Kâ€™
   21 |   rclcpp::Service<practice_interfaces::srv::AddThreeInts>::SharedPtr [01;31m[Kservice[m[K =
      |                                                                      [01;31m[K^~~~~~~[m[K
[01m[K/home/ylo-laptop/ROS_Projects/test_4/src/cpp_srvcli/src/add_three_ints_client.cpp:36:17:[m[K [01;31m[Kerror: [m[Kâ€˜[01m[Kclient[m[Kâ€™ was not declared in this scope
   36 |   auto result = [01;31m[Kclient[m[K->async_send_request(request);
      |                 [01;31m[K^~~~~~[m[K
gmake[2]: *** [CMakeFiles/server.dir/build.make:76: CMakeFiles/server.dir/src/add_three_ints_server.cpp.o] Error 1
gmake[1]: *** [CMakeFiles/Makefile2:139: CMakeFiles/server.dir/all] Error 2
gmake[1]: *** Waiting for unfinished jobs....
gmake[2]: *** [CMakeFiles/client.dir/build.make:76: CMakeFiles/client.dir/src/add_three_ints_client.cpp.o] Error 1
gmake[1]: *** [CMakeFiles/Makefile2:165: CMakeFiles/client.dir/all] Error 2
gmake: *** [Makefile:146: all] Error 2
