[0.011s] Invoking command in '/home/ylo-laptop/ROS_Projects/test_4/build/cpp_srvcli': AMENT_PREFIX_PATH=/home/ylo-laptop/ROS_Projects/test_4/install/tutorial_interfaces:${AMENT_PREFIX_PATH} CMAKE_PREFIX_PATH=/home/ylo-laptop/ROS_Projects/test_4/install/tutorial_interfaces:/opt/ros/rolling/opt/gz_math_vendor:/opt/ros/rolling/opt/gz_utils_vendor:/opt/ros/rolling/opt/gz_cmake_vendor:/opt/ros/rolling DEBUGINFOD_URLS=https://debuginfod.ubuntu.com LD_LIBRARY_PATH=/home/ylo-laptop/ROS_Projects/test_4/install/tutorial_interfaces/lib:${LD_LIBRARY_PATH} PYTHONPATH=/home/ylo-laptop/ROS_Projects/test_4/install/tutorial_interfaces/lib/python3.12/site-packages:${PYTHONPATH} /usr/bin/cmake /home/ylo-laptop/ROS_Projects/test_4/src/cpp_srvcli -DCMAKE_INSTALL_PREFIX=/home/ylo-laptop/ROS_Projects/test_4/install/cpp_srvcli
[0.076s] -- The C compiler identification is GNU 13.2.0
[0.154s] -- The CXX compiler identification is GNU 13.2.0
[0.177s] -- Detecting C compiler ABI info
[0.306s] -- Detecting C compiler ABI info - done
[0.328s] -- Check for working C compiler: /usr/bin/cc - skipped
[0.329s] -- Detecting C compile features
[0.329s] -- Detecting C compile features - done
[0.342s] -- Detecting CXX compiler ABI info
[0.474s] -- Detecting CXX compiler ABI info - done
[0.483s] -- Check for working CXX compiler: /usr/bin/c++ - skipped
[0.483s] -- Detecting CXX compile features
[0.483s] -- Detecting CXX compile features - done
[0.486s] -- Found ament_cmake: 2.7.0 (/opt/ros/rolling/share/ament_cmake/cmake)
[0.646s] -- Found Python3: /usr/bin/python3 (found version "3.12.3") found components: Interpreter 
[0.778s] -- Found rclcpp: 28.3.1 (/opt/ros/rolling/share/rclcpp/cmake)
[0.815s] -- Found rosidl_generator_c: 4.8.1 (/opt/ros/rolling/share/rosidl_generator_c/cmake)
[0.827s] -- Found rosidl_generator_cpp: 4.8.1 (/opt/ros/rolling/share/rosidl_generator_cpp/cmake)
[0.842s] -- Using all available rosidl_typesupport_c: rosidl_typesupport_fastrtps_c;rosidl_typesupport_introspection_c
[0.858s] -- Using all available rosidl_typesupport_cpp: rosidl_typesupport_fastrtps_cpp;rosidl_typesupport_introspection_cpp
[0.930s] -- Found rmw_implementation_cmake: 7.4.1 (/opt/ros/rolling/share/rmw_implementation_cmake/cmake)
[0.932s] -- Found rmw_fastrtps_cpp: 9.0.0 (/opt/ros/rolling/share/rmw_fastrtps_cpp/cmake)
[1.035s] -- Found OpenSSL: /usr/lib/x86_64-linux-gnu/libcrypto.so (found version "3.0.13")  
[1.052s] -- Found FastRTPS: /opt/ros/rolling/include (Required is at least version "2.13") 
[1.075s] -- Using RMW implementation 'rmw_fastrtps_cpp' as default
[1.141s] -- Found tutorial_interfaces: 0.0.0 (/home/ylo-laptop/ROS_Projects/test_4/install/tutorial_interfaces/share/tutorial_interfaces/cmake)
[1.197s] -- Found ament_lint_auto: 0.18.1 (/opt/ros/rolling/share/ament_lint_auto/cmake)
[1.306s] -- Added test 'cppcheck' to perform static code analysis on C / C++ code
[1.306s] -- Configured cppcheck include dirs: 
[1.306s] -- Configured cppcheck exclude dirs and/or files: 
[1.307s] -- Added test 'lint_cmake' to check CMake code style
[1.308s] -- Added test 'uncrustify' to check C / C++ code style
[1.308s] -- Configured uncrustify additional arguments: 
[1.308s] -- Added test 'xmllint' to check XML markup files
[1.310s] -- Configuring done (1.3s)
[1.325s] -- Generating done (0.0s)
[1.326s] -- Build files have been written to: /home/ylo-laptop/ROS_Projects/test_4/build/cpp_srvcli
[1.336s] Invoked command in '/home/ylo-laptop/ROS_Projects/test_4/build/cpp_srvcli' returned '0': AMENT_PREFIX_PATH=/home/ylo-laptop/ROS_Projects/test_4/install/tutorial_interfaces:${AMENT_PREFIX_PATH} CMAKE_PREFIX_PATH=/home/ylo-laptop/ROS_Projects/test_4/install/tutorial_interfaces:/opt/ros/rolling/opt/gz_math_vendor:/opt/ros/rolling/opt/gz_utils_vendor:/opt/ros/rolling/opt/gz_cmake_vendor:/opt/ros/rolling DEBUGINFOD_URLS=https://debuginfod.ubuntu.com LD_LIBRARY_PATH=/home/ylo-laptop/ROS_Projects/test_4/install/tutorial_interfaces/lib:${LD_LIBRARY_PATH} PYTHONPATH=/home/ylo-laptop/ROS_Projects/test_4/install/tutorial_interfaces/lib/python3.12/site-packages:${PYTHONPATH} /usr/bin/cmake /home/ylo-laptop/ROS_Projects/test_4/src/cpp_srvcli -DCMAKE_INSTALL_PREFIX=/home/ylo-laptop/ROS_Projects/test_4/install/cpp_srvcli
[1.337s] Invoking command in '/home/ylo-laptop/ROS_Projects/test_4/build/cpp_srvcli': AMENT_PREFIX_PATH=/home/ylo-laptop/ROS_Projects/test_4/install/tutorial_interfaces:${AMENT_PREFIX_PATH} CMAKE_PREFIX_PATH=/home/ylo-laptop/ROS_Projects/test_4/install/tutorial_interfaces:/opt/ros/rolling/opt/gz_math_vendor:/opt/ros/rolling/opt/gz_utils_vendor:/opt/ros/rolling/opt/gz_cmake_vendor:/opt/ros/rolling DEBUGINFOD_URLS=https://debuginfod.ubuntu.com LD_LIBRARY_PATH=/home/ylo-laptop/ROS_Projects/test_4/install/tutorial_interfaces/lib:${LD_LIBRARY_PATH} PYTHONPATH=/home/ylo-laptop/ROS_Projects/test_4/install/tutorial_interfaces/lib/python3.12/site-packages:${PYTHONPATH} /usr/bin/cmake --build /home/ylo-laptop/ROS_Projects/test_4/build/cpp_srvcli -- -j16 -l16
[1.403s] [ 25%] [32mBuilding CXX object CMakeFiles/server.dir/src/add_three_ints_server.cpp.o[0m
[1.417s] [ 50%] [32mBuilding CXX object CMakeFiles/client.dir/src/add_three_ints_client.cpp.o[0m
[3.572s] [01m[K/home/ylo-laptop/ROS_Projects/test_4/src/cpp_srvcli/src/add_three_ints_server.cpp:6:32:[m[K [01;31m[Kerror: [m[Kâ€˜[01m[Kpractice_interfaces[m[Kâ€™ was not declared in this scope; did you mean â€˜[01m[Krcl_interfaces[m[Kâ€™?
[3.573s]     6 | void add(const std::shared_ptr<[01;31m[Kpractice_interfaces[m[K::srv::AddThreeInts::Request> request,
[3.573s]       |                                [01;31m[K^~~~~~~~~~~~~~~~~~~[m[K
[3.573s]       |                                [32m[Krcl_interfaces[m[K
[3.573s] [01m[K/home/ylo-laptop/ROS_Projects/test_4/src/cpp_srvcli/src/add_three_ints_server.cpp:6:79:[m[K [01;31m[Kerror: [m[Ktemplate argument 1 is invalid
[3.573s]     6 | void add(const std::shared_ptr<practice_interfaces::srv::AddThreeInts::Request[01;31m[K>[m[K request,
[3.573s]       |                                                                               [01;31m[K^[m[K
[3.578s] [01m[K/home/ylo-laptop/ROS_Projects/test_4/src/cpp_srvcli/src/add_three_ints_server.cpp:6:32:[m[K [01;31m[Kerror: [m[Kâ€˜[01m[Kpractice_interfaces[m[Kâ€™ was not declared in this scope; did you mean â€˜[01m[Krcl_interfaces[m[Kâ€™?
[3.578s]     6 | void add(const std::shared_ptr<[01;31m[Kpractice_interfaces[m[K::srv::AddThreeInts::Request> request,
[3.578s]       |                                [01;31m[K^~~~~~~~~~~~~~~~~~~[m[K
[3.578s]       |                                [32m[Krcl_interfaces[m[K
[3.578s] [01m[K/home/ylo-laptop/ROS_Projects/test_4/src/cpp_srvcli/src/add_three_ints_server.cpp:6:79:[m[K [01;31m[Kerror: [m[Ktemplate argument 1 is invalid
[3.578s]     6 | void add(const std::shared_ptr<practice_interfaces::srv::AddThreeInts::Request[01;31m[K>[m[K request,
[3.579s]       |                                                                               [01;31m[K^[m[K
[3.584s] [01m[K/home/ylo-laptop/ROS_Projects/test_4/src/cpp_srvcli/src/add_three_ints_server.cpp:6:32:[m[K [01;31m[Kerror: [m[Kâ€˜[01m[Kpractice_interfaces[m[Kâ€™ was not declared in this scope; did you mean â€˜[01m[Krcl_interfaces[m[Kâ€™?
[3.584s]     6 | void add(const std::shared_ptr<[01;31m[Kpractice_interfaces[m[K::srv::AddThreeInts::Request> request,
[3.584s]       |                                [01;31m[K^~~~~~~~~~~~~~~~~~~[m[K
[3.584s]       |                                [32m[Krcl_interfaces[m[K
[3.584s] [01m[K/home/ylo-laptop/ROS_Projects/test_4/src/cpp_srvcli/src/add_three_ints_server.cpp:6:79:[m[K [01;31m[Kerror: [m[Ktemplate argument 1 is invalid
[3.584s]     6 | void add(const std::shared_ptr<practice_interfaces::srv::AddThreeInts::Request[01;31m[K>[m[K request,
[3.585s]       |                                                                               [01;31m[K^[m[K
[3.585s] [01m[K/home/ylo-laptop/ROS_Projects/test_4/src/cpp_srvcli/src/add_three_ints_server.cpp:6:16:[m[K [01;31m[Kerror: [m[Kinvalid template-id
[3.585s]     6 | void add(const [01;31m[Kstd[m[K::shared_ptr<practice_interfaces::srv::AddThreeInts::Request> request,
[3.585s]       |                [01;31m[K^~~[m[K
[3.588s] [01m[K/home/ylo-laptop/ROS_Projects/test_4/src/cpp_srvcli/src/add_three_ints_server.cpp:6:32:[m[K [01;31m[Kerror: [m[Kâ€˜[01m[Kpractice_interfaces[m[Kâ€™ was not declared in this scope; did you mean â€˜[01m[Krcl_interfaces[m[Kâ€™?
[3.589s]     6 | void add(const std::shared_ptr<[01;31m[Kpractice_interfaces[m[K::srv::AddThreeInts::Request> request,
[3.589s]       |                                [01;31m[K^~~~~~~~~~~~~~~~~~~[m[K
[3.589s]       |                                [32m[Krcl_interfaces[m[K
[3.589s] [01m[K/home/ylo-laptop/ROS_Projects/test_4/src/cpp_srvcli/src/add_three_ints_server.cpp:6:6:[m[K [01;31m[Kerror: [m[Kvariable or field â€˜[01m[Kadd[m[Kâ€™ declared void
[3.589s]     6 | void [01;31m[Kadd[m[K(const std::shared_ptr<practice_interfaces::srv::AddThreeInts::Request> request,
[3.589s]       |      [01;31m[K^~~[m[K
[3.589s] [01m[K/home/ylo-laptop/ROS_Projects/test_4/src/cpp_srvcli/src/add_three_ints_server.cpp:6:10:[m[K [01;31m[Kerror: [m[Kexpected primary-expression before â€˜[01m[Kconst[m[Kâ€™
[3.590s]     6 | void add([01;31m[Kconst[m[K std::shared_ptr<practice_interfaces::srv::AddThreeInts::Request> request,
[3.590s]       |          [01;31m[K^~~~~[m[K
[3.594s] [01m[K/home/ylo-laptop/ROS_Projects/test_4/src/cpp_srvcli/src/add_three_ints_client.cpp:[m[K In function â€˜[01m[Kint[01;32m[K main[m[K(int, char**)[m[Kâ€™:
[3.594s] [01m[K/home/ylo-laptop/ROS_Projects/test_4/src/cpp_srvcli/src/add_three_ints_client.cpp:20:18:[m[K [01;31m[Kerror: [m[Kâ€˜[01m[Kpractice_interfaces[m[Kâ€™ was not declared in this scope; did you mean â€˜[01m[Krcl_interfaces[m[Kâ€™?
[3.594s]    20 |   rclcpp::Client<[01;31m[Kpractice_interfaces[m[K::srv::AddThreeInts>::SharedPtr client =
[3.594s]       |                  [01;31m[K^~~~~~~~~~~~~~~~~~~[m[K
[3.595s]       |                  [32m[Krcl_interfaces[m[K
[3.595s] [01m[K/home/ylo-laptop/ROS_Projects/test_4/src/cpp_srvcli/src/add_three_ints_client.cpp:20:56:[m[K [01;31m[Kerror: [m[Ktemplate argument 1 is invalid
[3.595s]    20 |   rclcpp::Client<practice_interfaces::srv::AddThreeInts[01;31m[K>[m[K::SharedPtr client =
[3.595s]       |                                                        [01;31m[K^[m[K
[3.595s] [01m[K/home/ylo-laptop/ROS_Projects/test_4/src/cpp_srvcli/src/add_three_ints_server.cpp:7:27:[m[K [01;31m[Kerror: [m[Kâ€˜[01m[Kpractice_interfaces[m[Kâ€™ was not declared in this scope; did you mean â€˜[01m[Krcl_interfaces[m[Kâ€™?
[3.595s]     7 |           std::shared_ptr<[01;31m[Kpractice_interfaces[m[K::srv::AddThreeInts::Response>      response)
[3.595s]       |                           [01;31m[K^~~~~~~~~~~~~~~~~~~[m[K
[3.596s]       |                           [32m[Krcl_interfaces[m[K
[3.596s] [01m[K/home/ylo-laptop/ROS_Projects/test_4/src/cpp_srvcli/src/add_three_ints_client.cpp:20:69:[m[K [01;31m[Kerror: [m[Kqualified-id in declaration before â€˜[01m[Kclient[m[Kâ€™
[3.596s]    20 |   rclcpp::Client<practice_interfaces::srv::AddThreeInts>::SharedPtr [01;31m[Kclient[m[K =
[3.596s]       |                                                                     [01;31m[K^~~~~~[m[K
[3.596s] [01m[K/home/ylo-laptop/ROS_Projects/test_4/src/cpp_srvcli/src/add_three_ints_server.cpp:7:75:[m[K [01;31m[Kerror: [m[Ktemplate argument 1 is invalid
[3.596s]     7 |           std::shared_ptr<practice_interfaces::srv::AddThreeInts::Response[01;31m[K>[m[K      response)
[3.597s]       |                                                                           [01;31m[K^[m[K
[3.597s] [01m[K/home/ylo-laptop/ROS_Projects/test_4/src/cpp_srvcli/src/add_three_ints_client.cpp:23:23:[m[K [01;31m[Kerror: [m[Kparse error in template argument list
[3.597s]    23 |   auto request = std::[01;31m[Kmake_shared<practice_interfaces::srv::AddThreeInts>[m[K();
[3.597s]       |                       [01;31m[K^~~~~~~~~~~~~~~~~~~~~~~~~~~~~~~~~~~~~~~~~~~~~~~~~~~[m[K
[3.597s] [01m[K/home/ylo-laptop/ROS_Projects/test_4/src/cpp_srvcli/src/add_three_ints_client.cpp:23:74:[m[K [01;31m[Kerror: [m[Kno matching function for call to â€˜[01m[Kmake_shared<practice_interfaces>()[m[Kâ€™
[3.597s]    23 |   auto request = [01;31m[Kstd::make_shared<practice_interfaces::srv::AddThreeInts>()[m[K;
[3.598s]       |                  [01;31m[K~~~~~~~~~~~~~~~~~~~~~~~~~~~~~~~~~~~~~~~~~~~~~~~~~~~~~~~~^~[m[K
[3.598s] In file included from [01m[K/usr/include/c++/13/memory:80[m[K,
[3.598s]                  from [01m[K/opt/ros/rolling/include/rclcpp/rclcpp/rclcpp.hpp:169[m[K,
[3.598s]                  from [01m[K/home/ylo-laptop/ROS_Projects/test_4/src/cpp_srvcli/src/add_three_ints_client.cpp:1[m[K:
[3.598s] [01m[K/usr/include/c++/13/bits/shared_ptr.h:1005:5:[m[K [01;36m[Knote: [m[Kcandidate: â€˜[01m[Ktemplate<class _Tp, class ... _Args> std::shared_ptr<typename std::enable_if<(! std::is_array< <template-parameter-1-1> >::value), _Tp>::type> std::[01;32m[Kmake_shared[m[K(_Args&& ...)[m[Kâ€™
[3.598s]  1005 |     [01;36m[Kmake_shared[m[K(_Args&&... __args)
[3.599s]       |     [01;36m[K^~~~~~~~~~~[m[K
[3.599s] [01m[K/usr/include/c++/13/bits/shared_ptr.h:1005:5:[m[K [01;36m[Knote: [m[K  template argument deduction/substitution failed:
[3.599s] [01m[K/home/ylo-laptop/ROS_Projects/test_4/src/cpp_srvcli/src/add_three_ints_client.cpp:28:11:[m[K [01;31m[Kerror: [m[Kâ€˜[01m[Kclient[m[Kâ€™ was not declared in this scope
[3.599s]    28 |   while (![01;31m[Kclient[m[K->wait_for_service(1s)) {
[3.599s]       |           [01;31m[K^~~~~~[m[K
[3.600s] [01m[K/home/ylo-laptop/ROS_Projects/test_4/src/cpp_srvcli/src/add_three_ints_server.cpp:[m[K In function â€˜[01m[Kint[01;32m[K main[m[K(int, char**)[m[Kâ€™:
[3.600s] [01m[K/home/ylo-laptop/ROS_Projects/test_4/src/cpp_srvcli/src/add_three_ints_server.cpp:21:19:[m[K [01;31m[Kerror: [m[Kâ€˜[01m[Kpractice_interfaces[m[Kâ€™ was not declared in this scope; did you mean â€˜[01m[Krcl_interfaces[m[Kâ€™?
[3.600s]    21 |   rclcpp::Service<[01;31m[Kpractice_interfaces[m[K::srv::AddThreeInts>::SharedPtr service =
[3.600s]       |                   [01;31m[K^~~~~~~~~~~~~~~~~~~[m[K
[3.600s]       |                   [32m[Krcl_interfaces[m[K
[3.600s] [01m[K/home/ylo-laptop/ROS_Projects/test_4/src/cpp_srvcli/src/add_three_ints_server.cpp:21:57:[m[K [01;31m[Kerror: [m[Ktemplate argument 1 is invalid
[3.601s]    21 |   rclcpp::Service<practice_interfaces::srv::AddThreeInts[01;31m[K>[m[K::SharedPtr service =
[3.601s]       |                                                         [01;31m[K^[m[K
[3.601s] [01m[K/home/ylo-laptop/ROS_Projects/test_4/src/cpp_srvcli/src/add_three_ints_server.cpp:21:70:[m[K [01;31m[Kerror: [m[Kqualified-id in declaration before â€˜[01m[Kservice[m[Kâ€™
[3.601s]    21 |   rclcpp::Service<practice_interfaces::srv::AddThreeInts>::SharedPtr [01;31m[Kservice[m[K =
[3.601s]       |                                                                      [01;31m[K^~~~~~~[m[K
[3.601s] [01m[K/home/ylo-laptop/ROS_Projects/test_4/src/cpp_srvcli/src/add_three_ints_client.cpp:36:17:[m[K [01;31m[Kerror: [m[Kâ€˜[01m[Kclient[m[Kâ€™ was not declared in this scope
[3.602s]    36 |   auto result = [01;31m[Kclient[m[K->async_send_request(request);
[3.602s]       |                 [01;31m[K^~~~~~[m[K
[4.227s] gmake[2]: *** [CMakeFiles/server.dir/build.make:76: CMakeFiles/server.dir/src/add_three_ints_server.cpp.o] Error 1
[4.227s] gmake[1]: *** [CMakeFiles/Makefile2:139: CMakeFiles/server.dir/all] Error 2
[4.227s] gmake[1]: *** Waiting for unfinished jobs....
[4.228s] gmake[2]: *** [CMakeFiles/client.dir/build.make:76: CMakeFiles/client.dir/src/add_three_ints_client.cpp.o] Error 1
[4.228s] gmake[1]: *** [CMakeFiles/Makefile2:165: CMakeFiles/client.dir/all] Error 2
[4.228s] gmake: *** [Makefile:146: all] Error 2
[4.231s] Invoked command in '/home/ylo-laptop/ROS_Projects/test_4/build/cpp_srvcli' returned '2': AMENT_PREFIX_PATH=/home/ylo-laptop/ROS_Projects/test_4/install/tutorial_interfaces:${AMENT_PREFIX_PATH} CMAKE_PREFIX_PATH=/home/ylo-laptop/ROS_Projects/test_4/install/tutorial_interfaces:/opt/ros/rolling/opt/gz_math_vendor:/opt/ros/rolling/opt/gz_utils_vendor:/opt/ros/rolling/opt/gz_cmake_vendor:/opt/ros/rolling DEBUGINFOD_URLS=https://debuginfod.ubuntu.com LD_LIBRARY_PATH=/home/ylo-laptop/ROS_Projects/test_4/install/tutorial_interfaces/lib:${LD_LIBRARY_PATH} PYTHONPATH=/home/ylo-laptop/ROS_Projects/test_4/install/tutorial_interfaces/lib/python3.12/site-packages:${PYTHONPATH} /usr/bin/cmake --build /home/ylo-laptop/ROS_Projects/test_4/build/cpp_srvcli -- -j16 -l16
